<?xml version="1.0" encoding="UTF-8"?>
<!-- Generated by org.testng.reporters.JUnitReportReporter -->
<testsuite skipped="1" hostname="DESKTOP-AMSG348" name="org.techAltum.com.TestNGexercise1" tests="2" failures="0" timestamp="2020-04-12T13:17:52 IST" time="0.006" errors="0">
  <testcase name="test02" time="0.006" classname="org.techAltum.com.TestNGexercise1"/>
  <testcase name="test01" classname="org.techAltum.com.TestNGexercise1">
    <skipped/>
  </testcase> <!-- test01 -->
</testsuite> <!-- org.techAltum.com.TestNGexercise1 -->
