<?xml version="1.0" encoding="UTF-8"?>
<!-- Generated by org.testng.reporters.JUnitReportReporter -->
<testsuite skipped="0" hostname="DESKTOP-AMSG348" name="myPack01.TC02" tests="1" failures="0" timestamp="2020-02-22T12:00:09 IST" time="30.173" errors="0">
  <testcase name="testCase01" time="30.173" classname="myPack01.TC02"/>
</testsuite> <!-- myPack01.TC02 -->
