<?xml version="1.0" encoding="UTF-8"?>
<!-- Generated by org.testng.reporters.JUnitReportReporter -->
<testsuite skipped="0" hostname="DESKTOP-AMSG348" name="basePack.TC04" tests="1" failures="0" timestamp="2020-03-08T11:45:23 IST" time="35.044" errors="0">
  <testcase name="testCase04" time="35.044" classname="basePack.TC04"/>
</testsuite> <!-- basePack.TC04 -->
