<?xml version="1.0" encoding="UTF-8"?>
<!-- Generated by org.testng.reporters.JUnitReportReporter -->
<testsuite skipped="0" hostname="DESKTOP-AMSG348" name="javaP.HandleMultipleBrowserWins" tests="1" failures="0" timestamp="2020-03-15T11:50:05 IST" time="50.293" errors="0">
  <testcase name="handleMultipleBrowserWindows" time="50.293" classname="javaP.HandleMultipleBrowserWins"/>
</testsuite> <!-- javaP.HandleMultipleBrowserWins -->
