<?xml version="1.0" encoding="UTF-8"?>
<!-- Generated by org.testng.reporters.JUnitReportReporter -->
<testsuite skipped="0" hostname="DESKTOP-AMSG348" name="javaP.MouseOver" tests="1" failures="0" timestamp="2020-03-14T11:52:23 IST" time="28.584" errors="0">
  <testcase name="mouseOverTest" time="28.584" classname="javaP.MouseOver"/>
</testsuite> <!-- javaP.MouseOver -->
