<?xml version="1.0" encoding="UTF-8"?>
<!-- Generated by org.testng.reporters.JUnitReportReporter -->
<testsuite skipped="0" hostname="DESKTOP-AMSG348" name="org.techAltum.com.TC06" tests="1" failures="0" timestamp="2020-03-01T12:08:49 IST" time="22.454" errors="0">
  <testcase name="testCase04" time="22.454" classname="org.techAltum.com.TC06"/>
</testsuite> <!-- org.techAltum.com.TC06 -->
