<?xml version="1.0" encoding="UTF-8"?>
<!-- Generated by org.testng.reporters.JUnitReportReporter -->
<testsuite skipped="0" hostname="DESKTOP-AMSG348" name="org.techAltum.com.Practice_01" tests="1" failures="0" timestamp="2020-03-01T11:30:52 IST" time="0.010" errors="0">
  <testcase name="test01" time="0.010" classname="org.techAltum.com.Practice_01"/>
</testsuite> <!-- org.techAltum.com.Practice_01 -->
