<?xml version="1.0" encoding="UTF-8"?>
<!-- Generated by org.testng.reporters.JUnitReportReporter -->
<testsuite skipped="0" hostname="DESKTOP-AMSG348" name="javaP.ListEx" tests="1" failures="0" timestamp="2020-03-15T11:24:04 IST" time="0.009" errors="0">
  <testcase name="listExample" time="0.009" classname="javaP.ListEx"/>
</testsuite> <!-- javaP.ListEx -->
