<?xml version="1.0" encoding="UTF-8"?>
<!-- Generated by org.testng.reporters.JUnitReportReporter -->
<testsuite skipped="0" hostname="DESKTOP-AMSG348" name="testngEx.TC03" tests="1" failures="0" timestamp="2020-04-25T12:51:48 IST" time="53.217" errors="0">
  <testcase name="test01" time="53.217" classname="testngEx.TC03"/>
</testsuite> <!-- testngEx.TC03 -->
