<?xml version="1.0" encoding="UTF-8"?>
<!-- Generated by org.testng.reporters.JUnitReportReporter -->
<testsuite skipped="0" hostname="DESKTOP-AMSG348" name="org.techAltum.com.TC05" tests="1" failures="0" timestamp="2020-03-01T11:57:42 IST" time="34.057" errors="0">
  <testcase name="testCase05" time="34.057" classname="org.techAltum.com.TC05"/>
</testsuite> <!-- org.techAltum.com.TC05 -->
