<?xml version="1.0" encoding="UTF-8"?>
<!-- Generated by org.testng.reporters.JUnitReportReporter -->
<testsuite skipped="0" hostname="DESKTOP-AMSG348" name="testngEx.TC02" tests="1" failures="0" timestamp="2020-04-12T13:44:28 IST" time="0.015" errors="0">
  <testcase name="test02" time="0.015" classname="testngEx.TC02"/>
</testsuite> <!-- testngEx.TC02 -->
