<?xml version="1.0" encoding="UTF-8"?>
<!-- Generated by org.testng.reporters.JUnitReportReporter -->
<testsuite skipped="0" hostname="DESKTOP-AMSG348" name="myPack01.TectCase01" tests="1" failures="0" timestamp="2020-02-16T12:17:32 IST" time="19.915" errors="0">
  <testcase name="loginTest" time="19.915" classname="myPack01.TectCase01"/>
</testsuite> <!-- myPack01.TectCase01 -->
