<?xml version="1.0" encoding="UTF-8"?>
<!-- Generated by org.testng.reporters.JUnitReportReporter -->
<testsuite skipped="0" hostname="DESKTOP-AMSG348" name="javaP.BrokenLinks" tests="1" failures="0" timestamp="2020-03-15T12:07:58 IST" time="21.855" errors="0">
  <testcase name="handleMultipleBrowserWindows" time="21.855" classname="javaP.BrokenLinks"/>
</testsuite> <!-- javaP.BrokenLinks -->
