<?xml version="1.0" encoding="UTF-8"?>
<!-- Generated by org.testng.reporters.JUnitReportReporter -->
<testsuite skipped="0" hostname="DESKTOP-AMSG348" name="testngEx.TC01" tests="1" failures="0" timestamp="2020-04-25T12:51:48 IST" time="45.503" errors="0">
  <testcase name="test01" time="45.503" classname="testngEx.TC01"/>
</testsuite> <!-- testngEx.TC01 -->
